C51 COMPILER V9.01   DHT11                                                                 03/15/2025 01:19:24 PAGE 1   


C51 COMPILER V9.01, COMPILATION OF MODULE DHT11
OBJECT MODULE PLACED IN .\output\DHT11.obj
COMPILER INVOKED BY: C:\Program Files\KEIL4\C51\BIN\C51.EXE bsp\DHT11.c BROWSE INCDIR(.\app;.\bsp) DEBUG OBJECTEXTEND PR
                    -INT(.\listing\DHT11.lst) OBJECT(.\output\DHT11.obj)

line level    source

   1          #include "DHT11.h"
   2          
   3          
   4          #include <reg52.h>
   5          
   6          sbit P2_0 = P2^4;  // DHT11数据引脚连接到P3.2
   7          
   8          unsigned char  U8FLAG,U8temp,U8comdata;
   9          unsigned char  U8T_data_H,U8T_data_L,U8RH_data_H,U8RH_data_L,U8checkdata;
  10          unsigned char  U8T_data_H_temp,U8T_data_L_temp,U8RH_data_H_temp,U8RH_data_L_temp,U8checkdata_temp;
  11          void Delay(unsigned int j)
  12              {      unsigned char i;
  13   1                  for(;j>0;j--)
  14   1                {     
  15   2                      for(i=0;i<27;i++);
  16   2      
  17   2                }
  18   1          }
  19          
  20                 void  Delay_10us(void)
  21                {
  22   1              unsigned char i;
  23   1              i--;
  24   1              i--;
  25   1              i--;
  26   1              i--;
  27   1              i--;
  28   1              i--;
  29   1             }
  30          
  31          
  32          
  33          
  34          
  35          
  36          
  37                  void  COM(void)
  38                {
  39   1           
  40   1                      unsigned char i;
  41   1                
  42   1             for(i=0;i<8;i++)    
  43   1                  {
  44   2                      
  45   2                          U8FLAG=2;   
  46   2                      while((!P2_0)&&U8FLAG++);
  47   2                              Delay_10us();
  48   2                          Delay_10us();
  49   2                              Delay_10us();
  50   2                              U8temp=0;
  51   2                   if(P2_0)U8temp=1;
  52   2                          U8FLAG=2;
  53   2                       while((P2_0)&&U8FLAG++);
  54   2                      //超时则跳出for循环               
C51 COMPILER V9.01   DHT11                                                                 03/15/2025 01:19:24 PAGE 2   

  55   2                       if(U8FLAG==1)break;
  56   2                      //判断数据位是0还是1     
  57   2                         
  58   2                      // 如果高电平高过预定0高电平值则数据位为 1 
  59   2                       
  60   2                         U8comdata<<=1;
  61   2                         U8comdata|=U8temp;        //0
  62   2                   }//rof
  63   1                 
  64   1              }
  65          
  66                  void RH(void)
  67                  {
  68   1                //主机拉低18ms 
  69   1             P2_0=0;
  70   1                 Delay(180);
  71   1                 P2_0=1;
  72   1               //总线由上拉电阻拉高 主机延时20us
  73   1                 Delay_10us();
  74   1                 Delay_10us();
  75   1                 Delay_10us();
  76   1                 Delay_10us();
  77   1               //主机设为输入 判断从机响应信号 
  78   1                 P2_0=1;
  79   1               //判断从机是否有低电平响应信号 如不响应则跳出，响应则向下运行    
  80   1                 if(!P2_0)             //T !    
  81   1                 {
  82   2                 U8FLAG=2;
  83   2               //判断从机是否发出 80us 的低电平响应信号是否结束        
  84   2                 while((!P2_0)&&U8FLAG++);
  85   2                 U8FLAG=2;
  86   2               //判断从机是否发出 80us 的高电平，如发出则进入数据接收状态
  87   2                 while((P2_0)&&U8FLAG++);
  88   2               //数据接收状态          
  89   2                 COM();
  90   2                 U8RH_data_H_temp=U8comdata;
  91   2                 COM();
  92   2                 U8RH_data_L_temp=U8comdata;
  93   2                 COM();
  94   2                 U8T_data_H_temp=U8comdata;
  95   2                 COM();
  96   2                 U8T_data_L_temp=U8comdata;
  97   2                 COM();
  98   2                 U8checkdata_temp=U8comdata;
  99   2                 P2_0=1;
 100   2               //数据校验 
 101   2               
 102   2                 U8temp=(U8T_data_H_temp+U8T_data_L_temp+U8RH_data_H_temp+U8RH_data_L_temp);
 103   2                 if(U8temp==U8checkdata_temp)
 104   2                 {
 105   3                        U8RH_data_H=U8RH_data_H_temp;
 106   3                        U8RH_data_L=U8RH_data_L_temp;
 107   3                        U8T_data_H=U8T_data_H_temp;
 108   3                        U8T_data_L=U8T_data_L_temp;
 109   3                        U8checkdata=U8checkdata_temp;
 110   3                 }//fi
 111   2                 }//fi
 112   1      
 113   1              }


MODULE INFORMATION:   STATIC OVERLAYABLE
C51 COMPILER V9.01   DHT11                                                                 03/15/2025 01:19:24 PAGE 3   

   CODE SIZE        =    218    ----
   CONSTANT SIZE    =   ----    ----
   XDATA SIZE       =   ----    ----
   PDATA SIZE       =   ----    ----
   DATA SIZE        =     13       1
   IDATA SIZE       =   ----    ----
   BIT SIZE         =   ----    ----
END OF MODULE INFORMATION.


C51 COMPILATION COMPLETE.  0 WARNING(S),  0 ERROR(S)
