C51 COMPILER V9.01   MAIN                                                                  04/08/2025 01:01:21 PAGE 1   


C51 COMPILER V9.01, COMPILATION OF MODULE MAIN
OBJECT MODULE PLACED IN .\output\main.obj
COMPILER INVOKED BY: D:\programFile\KEIL4\C51\BIN\C51.EXE app\main.c BROWSE INCDIR(.\app;.\bsp) DEBUG OBJECTEXTEND PRINT
                    -(.\listing\main.lst) OBJECT(.\output\main.obj)

line level    source

   1          #include "main.h"
   2          #include "stdio.h"
   3          #Include "ui.h"
*** WARNING C315 IN LINE 3 OF app\main.c: unknown #directive 'Include'
   4          unsigned char Disp[]="Test OK";
   5          double dht_ban = 70;
   6          double tem_ban = 40;
   7          
   8          int key1_position = 0;
   9          
  10          void show_4data(void);
  11          /*******************************************************************************
  12          * 函 数 名         : main
  13          * 函数功能                 : 主函数
  14          * 输    入         : 无
  15          * 输    出         : 无
  16          *******************************************************************************/
  17          void main(void)
  18          {
  19   1          int i=0;
  20   1              int fanzhuan = 0;
  21   1          unsigned char second, minute, hour;
  22   1              unsigned char adc_data;
  23   1      
  24   1              InitLcd1602();
  25   1          UART_Init();
  26   1              ADC_init();
*** WARNING C206 IN LINE 26 OF APP\MAIN.C: 'ADC_init': missing function-prototype
  27   1          timer0_init();
*** WARNING C206 IN LINE 27 OF APP\MAIN.C: 'timer0_init': missing function-prototype
  28   1              Int0Init();
  29   1               
  30   1      //    DS3231_Write(0x00, 0x00);  // 设置秒
  31   1      //    DS3231_Write(0x01, 0x30);  // 设置分钟
  32   1      //    DS3231_Write(0x02, 0x12);  // 设置小时
  33   1      //
  34   1      //      DS3231_Write(0x03, 0x03);  // 设置week
  35   1      //      DS3231_Write(0x04, 0x01);  // 设置日
  36   1      //      DS3231_Write(0x05, 0x01);  // 设置月
  37   1      //      DS3231_Write(0x06, 0x24);  // 设置年
  38   1      
  39   1              while(1)
  40   1              {   
  41   2                          if(time_come) //定时时间到显示时间
  42   2                              {
  43   3                                      time_come=0;
  44   3                                      show_time();    
  45   3                              }
  46   2      
  47   2                              if(BUTTON_L==0)
  48   2                              {
  49   3                                  delay_ms(100);
  50   3                                      if(BUTTON_L==0)
  51   3                                      {
C51 COMPILER V9.01   MAIN                                                                  04/08/2025 01:01:21 PAGE 2   

  52   4                                              LCDClear();
  53   4                                              show_4data();
  54   4                                      }
  55   3                              }
  56   2              }                               
  57   1      }
*** WARNING C280 IN LINE 21 OF APP\MAIN.C: 'second': unreferenced local variable
*** WARNING C280 IN LINE 21 OF APP\MAIN.C: 'minute': unreferenced local variable
*** WARNING C280 IN LINE 21 OF APP\MAIN.C: 'hour': unreferenced local variable
*** WARNING C280 IN LINE 22 OF APP\MAIN.C: 'adc_data': unreferenced local variable
  58          
  59          
  60          
  61          //      int speed_ban=60;
  62          //int heart_ban = 80;
  63          //int rh_ban = 60;
  64          //int th_ban = 30;
  65          
  66          
  67          void show_4data(void)
  68          {
  69   1              char show[25];
  70   1              unsigned char adc_data;
  71   1              float xinlv_v;
  72   1        while(1)
  73   1        {
  74   2      
  75   2              RH();
  76   2              show_dht(U8RH_data_H,U8RH_data_L,U8T_data_H,U8T_data_L);
  77   2      //      printf("%d\r\n",U8RH_data_H);
  78   2      
  79   2      //      sprintf(show,"rh:%02x.%02x th:%02x.%02x",U8RH_data_H,U8RH_data_L,U8T_data_H,U8T_data_H);
  80   2      //              UartSendString(show);
  81   2      
  82   2               adc_data = ADC0832(0);
  83   2              xinlv_v = (float)adc_data*5.0/255;
  84   2      //      sprintf(show,"heart rate:%0.1f",(5.0-xinlv_v)*100);
  85   2      //      UartSendString(show);
  86   2      
  87   2              sprintf(show,"%0.1fBPM",(5.0-xinlv_v)*100) ;
  88   2              Lcd_show_string(0,0,show,7);
  89   2      
  90   2              delay_ms(400);
  91   2              
  92   2              //假定一圈一个脉冲,车子的周长为1米
  93   2              //一秒内产生了多少给脉冲，相当于一秒钟内走了X*1(米)
  94   2              //那速度就是X米/秒
  95   2              //换算成公里 X*3.6
  96   2              if(time_come)
  97   2              {
  98   3                      time_come=0;
  99   3                      sprintf(show,"%.1fkm/h",(float)(speed_count)*3.6);
 100   3                      Lcd_show_string(0,8,show,7);
 101   3                      sprintf(show,"rh:%c%c th:%c%c\r\n",U8RH_data_H/10+0x30,U8RH_data_H%10+0x30,U8T_data_H/10+0x30,U8T_data_H
             -%10+0x30);
 102   3                      UartSendString(show);
 103   3      
 104   3                      sprintf(show,"heart rate:%0.1f SPEED:%0.1fkm/h",(5.0-xinlv_v)*100,(float)(speed_count)*3.6);
 105   3      //                      sprintf(show,"SPEED:%0.1fkm/h",(float)(speed_count)*3.6);
 106   3                              UartSendString(show);
 107   3      
 108   3              }
C51 COMPILER V9.01   MAIN                                                                  04/08/2025 01:01:21 PAGE 3   

 109   2      
 110   2                              if(BUTTON_L==0)
 111   2                              {
 112   3                                  delay_ms(100);
 113   3                                      if(BUTTON_L==0)
 114   3                                      {
 115   4      //                                  key1_position++; //  key1_position==1；
 116   4                                              LCDClear();
 117   4                                              break;
 118   4                                      }
 119   3                              }
 120   2      
 121   2              if((U8RH_data_H>rh_ban)||(5.0-xinlv_v)*100>heart_ban||U8T_data_H>th_ban||(float)(speed_count)*3.6>speed_b
             -an)          //声光报警
 122   2              {
 123   3                              LED=0;
 124   3                              BEEP=0;
 125   3              }
 126   2              else
 127   2              {
 128   3                              LED=1;
 129   3                              BEEP=1;
 130   3              }
 131   2      
 132   2              speed_count=0;
 133   2        }
 134   1      
 135   1        handle_setting();
 136   1      
 137   1      
 138   1      }
 139          ////               if(BUTTON_M==0)
 140          ////                    {
 141          ////                                    LCDClear();
 142          ////                                    ui_setting();
 143          ////                    }
 144          ////               RH();
 145          ////
 146          ////              show_dht(U8RH_data_H,U8RH_data_L,U8T_data_H,U8T_data_H);                
 147          ////              if((((double)U8RH_data_H+(double)U8RH_data_L/100)>dht_ban)||(((double)U8T_data_H+(double)U8T_data_
             -H/100)>tem_ban))
 148          ////              {
 149          ////                    BEEP=0;
 150          ////                    LED=0;
 151          ////                    delay_ms(200);
 152          ////                    BEEP=1;
 153          ////                    LED=1;
 154          ////              }
 155          //            if(time_come)
 156          //                {
 157          ////                    
 158          //////              time_come=0;
 159          //////              fanzhuan = !fanzhuan;
 160          //////                  if(fanzhuan)
 161          //////                  {
 162          ////
 163          //                         show_time();
 164          ////
 165          //                      }
 166          //////                  else
 167          //////                  {
 168          //////               LCDClear();
C51 COMPILER V9.01   MAIN                                                                  04/08/2025 01:01:21 PAGE 4   

 169          //////
 170          //////                     adc_data = ADC0832();
 171          //////                     sprintf(show,"heart rate:%02x",adc_data);
 172          //////                     UartSendString(show);
 173          //////                     LcdWrite(0x80,adc_data/10+0x30);
 174          //////                     LcdWrite(0x80+1,adc_data%10+0x30);
 175          //////                     LcdWrite(0x80+2,'B');
 176          //////                     LcdWrite(0x80+3,'P');
 177          //////                     LcdWrite(0x80+4,'M');
 178          //////                  }
 179          ////              }
 180          
 181          


MODULE INFORMATION:   STATIC OVERLAYABLE
   CODE SIZE        =    627    ----
   CONSTANT SIZE    =     69    ----
   XDATA SIZE       =   ----    ----
   PDATA SIZE       =   ----    ----
   DATA SIZE        =     18      37
   IDATA SIZE       =   ----    ----
   BIT SIZE         =   ----    ----
END OF MODULE INFORMATION.


C51 COMPILATION COMPLETE.  7 WARNING(S),  0 ERROR(S)
