C51 COMPILER V9.01   UART                                                                  03/22/2025 10:57:40 PAGE 1   


C51 COMPILER V9.01, COMPILATION OF MODULE UART
OBJECT MODULE PLACED IN .\output\uart.obj
COMPILER INVOKED BY: D:\ProgramFiles\KEIL4\C51\BIN\C51.EXE bsp\uart.c BROWSE INCDIR(.\app;.\bsp) DEBUG OBJECTEXTEND PRIN
                    -T(.\listing\uart.lst) OBJECT(.\output\uart.obj)

line level    source

   1          #include "uart.h"
   2          
   3          //定时器相关
   4          #define FOSC 11059200L
   5          #define T1MS (65536-FOSC/12/1000)   //1ms timer calculation method in 12T mode
   6          unsigned int count;                         //1000 times counter
   7          int time_come=0;
   8          
   9          
  10          sbit TEST_LED = P1^0;               //work LED, flash once per second
  11          
  12          
  13          //void UART_SER (void) interrupt 4     //串行中断服务程序
  14          //{
  15          //    unsigned char r_buf;
  16          //    if(RI)                        //判断是接收中断产生
  17          //    {
  18          //        RI=0;                      //标志位清零
  19          //        r_buf = SBUF;
  20          //              if(r_buf=='C'||r_buf=='D')    
  21          //              {
  22          //                      count=0;
  23          //                      memset(rec_data,0,11);
  24          //                      rec_data[0]=r_buf;
  25          //              }
  26          //              else
  27          //              {
  28          //                      count+=1;
  29          //                      rec_data[count]=r_buf;                          
  30          //              }
  31          //              if(rec_data[3]=='O')
  32          //              {
  33          //                 is_connected=1; 
  34          //              }
  35          //              if(rec_data[3]=='L')
  36          //              {
  37          //                is_connected=0;  
  38          //              }
  39          //
  40          //              if(r_buf=='\n')
  41          //              {
  42          //                 if(memcmp(rec_data,connect_data,8)==0)
  43          //                 {
  44          //                     is_connected=1;
  45          //                 }
  46          //
  47          //                 if(memcmp(rec_data,close_data,8)==0)
  48          //                 {
  49          //                    is_connected=0;
  50          //                 }
  51          //              }
  52          //    }
  53          ////    if(TI)  //如果是发送标志位，清零
  54          ////        TI=0;
C51 COMPILER V9.01   UART                                                                  03/22/2025 10:57:40 PAGE 2   

  55          //}
  56          
  57          void UART_Init(void)       //11.0592MHz,波特率为9600
  58          {
  59   1          SCON  = 0x50;                // SCON: 模式 1, 8-bit UART, 使能接收
  60   1          TMOD |= 0x20;               // TMOD: timer 1, mode 2, 8-bit 重装
  61   1          TH1   = 0xFD;               // TH1:  重装值 9600 波特率 晶振 11.0592MHz
  62   1          TL1 = TH1;
  63   1          TR1   = 1;                  // TR1:  timer 1 打开
  64   1          EA    = 1;                  //打开总中断
  65   1          ES    = 0;                  //先关闭串口中断
  66   1              TI    =1;
  67   1      }
  68          
  69          
  70          void uartSendByte(unsigned char dat)
  71          {
  72   1          unsigned char time_out;
  73   1          time_out=0x00;
  74   1          SBUF = dat;              //将数据放入SBUF中
  75   1          while((!TI)&&(time_out<255))  //检测是否发送出去
  76   1          {
  77   2              time_out++;    //未发送出去 进行短暂延时
  78   2          }
  79   1          TI = 0;                        //清除ti标志
  80   1      }
  81          
  82          
  83          
  84          /*------------------------------------------------
  85                              发送一个字符串
  86          ------------------------------------------------*/
  87          void UartSendString(unsigned char *s)
  88          {
  89   1          while(*s!='\0')// \0 表示字符串结束标志，
  90   1              //通过检测是否字符串末尾
  91   1          {
  92   2              uartSendByte(*s);//发送一个字节
  93   2              s++;//指向下一个数据
  94   2          }
  95   1      }
  96          
  97          
  98          
  99          
 100          
 101          //定时器相关
 102          void timer0_init(void)
 103          {
 104   1              TMOD |= 0x01;                    //set timer0 as mode1 (16-bit)
 105   1          TL0 = T1MS;                     //initial timer0 low byte
 106   1          TH0 = T1MS >> 8;                //initial timer0 high byte
 107   1          TR0 = 1;                        //timer0 start running
 108   1          ET0 = 1;                        //enable timer0 interrupt
 109   1          EA = 1;                         //open global interrupt switch
 110   1          count = 0;                      //initial counter
 111   1      }
 112          
 113          
 114          /* Timer0 interrupt routine */
 115          void tm0_isr() interrupt 1
 116          {
C51 COMPILER V9.01   UART                                                                  03/22/2025 10:57:40 PAGE 3   

 117   1          TL0 = T1MS;                     //reload timer0 low byte
 118   1          TH0 = T1MS >> 8;                //reload timer0 high byte
 119   1          if (count-- == 0)               //1ms * 1000 -> 1s
 120   1          {
 121   2              count = 1000;               //reset counter
 122   2              //TEST_LED = ! TEST_LED;      //work LED flash
 123   2                       time_come = 1;
 124   2                       
 125   2          }
 126   1      
 127   1      }


MODULE INFORMATION:   STATIC OVERLAYABLE
   CODE SIZE        =    126    ----
   CONSTANT SIZE    =   ----    ----
   XDATA SIZE       =   ----    ----
   PDATA SIZE       =   ----    ----
   DATA SIZE        =      4    ----
   IDATA SIZE       =   ----    ----
   BIT SIZE         =   ----    ----
END OF MODULE INFORMATION.


C51 COMPILATION COMPLETE.  0 WARNING(S),  0 ERROR(S)
